# JRE version: Java(TM) SE Runtime Environment (8.0_66-b17) (build 1.8.0_66-b17)
# Java VM: Java HotSpot(TM) Client VM (25.66-b17 mixed mode windows-x86 )
Heap:
 def new generation   total 39424K, used 34795K [0x03a00000, 0x064c0000, 0x18f50000)
  eden space 35072K,  94% used [0x03a00000, 0x05a5c6e8, 0x05c40000)
  from space 4352K,  38% used [0x06080000, 0x0621e900, 0x064c0000)
  to   space 4352K,   0% used [0x05c40000, 0x05c40000, 0x06080000)
 tenured generation   total 87424K, used 58995K [0x18f50000, 0x1e4b0000, 0x43a00000)
   the space 87424K,  67% used [0x18f50000, 0x1c8ece00, 0x1c8ece00, 0x1e4b0000)
 Metaspace       used 29883K, capacity 31443K, committed 31488K, reserved 32128K
GC Heap History (10 events):
Event: 2742.946 GC heap before
{Heap before GC invocations=19 (full 2):
 def new generation   total 39424K, used 36717K [0x03a00000, 0x064c0000, 0x18f50000)
  eden space 35072K, 100% used [0x03a00000, 0x05c40000, 0x05c40000)
  from space 4352K,  37% used [0x05c40000, 0x05ddb630, 0x06080000)
  to   space 4352K,   0% used [0x06080000, 0x06080000, 0x064c0000)
 tenured generation   total 87424K, used 58995K [0x18f50000, 0x1e4b0000, 0x43a00000)
   the space 87424K,  67% used [0x18f50000, 0x1c8ece00, 0x1c8ece00, 0x1e4b0000)
 Metaspace       used 29799K, capacity 31313K, committed 31360K, reserved 32128K
Event: 2742.980 GC heap after
Heap after GC invocations=20 (full 2):
 def new generation   total 39424K, used 1536K [0x03a00000, 0x064c0000, 0x18f50000)
  eden space 35072K,   0% used [0x03a00000, 0x03a00000, 0x05c40000)
  from space 4352K,  35% used [0x06080000, 0x06200360, 0x064c0000)
  to   space 4352K,   0% used [0x05c40000, 0x05c40000, 0x06080000)
 tenured generation   total 87424K, used 58995K [0x18f50000, 0x1e4b0000, 0x43a00000)
   the space 87424K,  67% used [0x18f50000, 0x1c8ece00, 0x1c8ece00, 0x1e4b0000)
 Metaspace       used 29799K, capacity 31313K, committed 31360K, reserved 32128K
}
Event: 2769.613 GC heap before
{Heap before GC invocations=20 (full 2):
 def new generation   total 39424K, used 36608K [0x03a00000, 0x064c0000, 0x18f50000)
  eden space 35072K, 100% used [0x03a00000, 0x05c40000, 0x05c40000)
  from space 4352K,  35% used [0x06080000, 0x06200360, 0x064c0000)
  to   space 4352K,   0% used [0x05c40000, 0x05c40000, 0x06080000)
 tenured generation   total 87424K, used 58995K [0x18f50000, 0x1e4b0000, 0x43a00000)
   the space 87424K,  67% used [0x18f50000, 0x1c8ece00, 0x1c8ece00, 0x1e4b0000)
 Metaspace       used 29815K, capacity 31345K, committed 31360K, reserved 32128K
Event: 2769.649 GC heap after
Heap after GC invocations=21 (full 2):
 def new generation   total 39424K, used 1892K [0x03a00000, 0x064c0000, 0x18f50000)
  eden space 35072K,   0% used [0x03a00000, 0x03a00000, 0x05c40000)
  from space 4352K,  43% used [0x05c40000, 0x05e19328, 0x06080000)
  to   space 4352K,   0% used [0x06080000, 0x06080000, 0x064c0000)
 tenured generation   total 87424K, used 58995K [0x18f50000, 0x1e4b0000, 0x43a00000)
   the space 87424K,  67% used [0x18f50000, 0x1c8ece00, 0x1c8ece00, 0x1e4b0000)
 Metaspace       used 29815K, capacity 31345K, committed 31360K, reserved 32128K
}
Event: 2906.407 GC heap before
{Heap before GC invocations=21 (full 2):
 def new generation   total 39424K, used 36964K [0x03a00000, 0x064c0000, 0x18f50000)
  eden space 35072K, 100% used [0x03a00000, 0x05c40000, 0x05c40000)
  from space 4352K,  43% used [0x05c40000, 0x05e19328, 0x06080000)
  to   space 4352K,   0% used [0x06080000, 0x06080000, 0x064c0000)
 tenured generation   total 87424K, used 58995K [0x18f50000, 0x1e4b0000, 0x43a00000)
   the space 87424K,  67% used [0x18f50000, 0x1c8ece00, 0x1c8ece00, 0x1e4b0000)
 Metaspace       used 29816K, capacity 31345K, committed 31360K, reserved 32128K
Event: 2906.441 GC heap after
Heap after GC invocations=22 (full 2):
 def new generation   total 39424K, used 1717K [0x03a00000, 0x064c0000, 0x18f50000)
  eden space 35072K,   0% used [0x03a00000, 0x03a00000, 0x05c40000)
  from space 4352K,  39% used [0x06080000, 0x0622d430, 0x064c0000)
  to   space 4352K,   0% used [0x05c40000, 0x05c40000, 0x06080000)
 tenured generation   total 87424K, used 58995K [0x18f50000, 0x1e4b0000, 0x43a00000)
   the space 87424K,  67% used [0x18f50000, 0x1c8ece00, 0x1c8ece00, 0x1e4b0000)
 Metaspace       used 29816K, capacity 31345K, committed 31360K, reserved 32128K
}
Event: 2924.114 GC heap before
{Heap before GC invocations=22 (full 2):
 def new generation   total 39424K, used 36789K [0x03a00000, 0x064c0000, 0x18f50000)
  eden space 35072K, 100% used [0x03a00000, 0x05c40000, 0x05c40000)
  from space 4352K,  39% used [0x06080000, 0x0622d430, 0x064c0000)
  to   space 4352K,   0% used [0x05c40000, 0x05c40000, 0x06080000)
 tenured generation   total 87424K, used 58995K [0x18f50000, 0x1e4b0000, 0x43a00000)
   the space 87424K,  67% used [0x18f50000, 0x1c8ece00, 0x1c8ece00, 0x1e4b0000)
 Metaspace       used 29816K, capacity 31345K, committed 31360K, reserved 32128K
Event: 2924.148 GC heap after
Heap after GC invocations=23 (full 2):
 def new generation   total 39424K, used 1714K [0x03a00000, 0x064c0000, 0x18f50000)
  eden space 35072K,   0% used [0x03a00000, 0x03a00000, 0x05c40000)
  from space 4352K,  39% used [0x05c40000, 0x05deca70, 0x06080000)
  to   space 4352K,   0% used [0x06080000, 0x06080000, 0x064c0000)
 tenured generation   total 87424K, used 58995K [0x18f50000, 0x1e4b0000, 0x43a00000)
   the space 87424K,  67% used [0x18f50000, 0x1c8ece00, 0x1c8ece00, 0x1e4b0000)
 Metaspace       used 29816K, capacity 31345K, committed 31360K, reserved 32128K
}
Event: 3301.813 GC heap before
{Heap before GC invocations=23 (full 2):
 def new generation   total 39424K, used 36786K [0x03a00000, 0x064c0000, 0x18f50000)
  eden space 35072K, 100% used [0x03a00000, 0x05c40000, 0x05c40000)
  from space 4352K,  39% used [0x05c40000, 0x05deca70, 0x06080000)
  to   space 4352K,   0% used [0x06080000, 0x06080000, 0x064c0000)
 tenured generation   total 87424K, used 58995K [0x18f50000, 0x1e4b0000, 0x43a00000)
   the space 87424K,  67% used [0x18f50000, 0x1c8ece00, 0x1c8ece00, 0x1e4b0000)
 Metaspace       used 29822K, capacity 31345K, committed 31360K, reserved 32128K
Event: 3301.847 GC heap after
Heap after GC invocations=24 (full 2):
 def new generation   total 39424K, used 1658K [0x03a00000, 0x064c0000, 0x18f50000)
  eden space 35072K,   0% used [0x03a00000, 0x03a00000, 0x05c40000)
  from space 4352K,  38% used [0x06080000, 0x0621e900, 0x064c0000)
  to   space 4352K,   0% used [0x05c40000, 0x05c40000, 0x06080000)
 tenured generation   total 87424K, used 58995K [0x18f50000, 0x1e4b0000, 0x43a00000)
   the space 87424K,  67% used [0x18f50000, 0x1c8ece00, 0x1c8ece00, 0x1e4b0000)
 Metaspace       used 29822K, capacity 31345K, committed 31360K, reserved 32128K
}

